<?xml version="1.0" encoding="UTF-8"?>
<testsuite name="com.jojoldu.book.springboot.HelloControllerTest" tests="3" skipped="0" failures="0" errors="0" timestamp="2023-05-03T18:11:39" hostname="Seoui-MacBookPro.local" time="0.103">
  <properties/>
  <testcase name="hello가_리턴된다" classname="com.jojoldu.book.springboot.HelloControllerTest" time="0.029"/>
  <testcase name="helloDto가_리턴된다" classname="com.jojoldu.book.springboot.HelloControllerTest" time="0.046"/>
  <testcase name="first_Assignment가_리턴된다" classname="com.jojoldu.book.springboot.HelloControllerTest" time="0.023"/>
  <system-out><![CDATA[2023-05-04 03:11:37.807  INFO 85364 --- [    Test worker] .b.t.a.w.s.WebMvcTestContextBootstrapper : Neither @ContextConfiguration nor @ContextHierarchy found for test class [com.jojoldu.book.springboot.HelloControllerTest], using SpringBootContextLoader
2023-05-04 03:11:37.809  INFO 85364 --- [    Test worker] o.s.t.c.support.AbstractContextLoader    : Could not detect default resource locations for test class [com.jojoldu.book.springboot.HelloControllerTest]: no resource found for suffixes {-context.xml, Context.groovy}.
2023-05-04 03:11:37.809  INFO 85364 --- [    Test worker] t.c.s.AnnotationConfigContextLoaderUtils : Could not detect default configuration classes for test class [com.jojoldu.book.springboot.HelloControllerTest]: HelloControllerTest does not declare any static, non-private, non-final, nested classes annotated with @Configuration.
2023-05-04 03:11:37.875  INFO 85364 --- [    Test worker] .b.t.c.SpringBootTestContextBootstrapper : Found @SpringBootConfiguration com.jojoldu.book.springboot.Application for test class com.jojoldu.book.springboot.HelloControllerTest
2023-05-04 03:11:37.881  INFO 85364 --- [    Test worker] .b.t.a.w.s.WebMvcTestContextBootstrapper : Loaded default TestExecutionListener class names from location [META-INF/spring.factories]: [org.springframework.security.test.context.support.WithSecurityContextTestExecutionListener, org.springframework.security.test.context.support.ReactorContextTestExecutionListener, org.springframework.boot.test.autoconfigure.restdocs.RestDocsTestExecutionListener, org.springframework.boot.test.autoconfigure.web.client.MockRestServiceServerResetTestExecutionListener, org.springframework.boot.test.autoconfigure.web.servlet.MockMvcPrintOnlyOnFailureTestExecutionListener, org.springframework.boot.test.autoconfigure.web.servlet.WebDriverTestExecutionListener, org.springframework.boot.test.mock.mockito.MockitoTestExecutionListener, org.springframework.boot.test.mock.mockito.ResetMocksTestExecutionListener, org.springframework.test.context.web.ServletTestExecutionListener, org.springframework.test.context.support.DirtiesContextBeforeModesTestExecutionListener, org.springframework.test.context.support.DependencyInjectionTestExecutionListener, org.springframework.test.context.support.DirtiesContextTestExecutionListener, org.springframework.test.context.transaction.TransactionalTestExecutionListener, org.springframework.test.context.jdbc.SqlScriptsTestExecutionListener]
2023-05-04 03:11:37.882  INFO 85364 --- [    Test worker] .b.t.a.w.s.WebMvcTestContextBootstrapper : Using TestExecutionListeners: [org.springframework.test.context.web.ServletTestExecutionListener@ed838c9, org.springframework.test.context.support.DirtiesContextBeforeModesTestExecutionListener@34247b6d, org.springframework.boot.test.mock.mockito.MockitoTestExecutionListener@abfdf9d, org.springframework.boot.test.autoconfigure.SpringBootDependencyInjectionTestExecutionListener@2c382bd0, org.springframework.test.context.support.DirtiesContextTestExecutionListener@636950ee, org.springframework.test.context.transaction.TransactionalTestExecutionListener@7481a0fd, org.springframework.test.context.jdbc.SqlScriptsTestExecutionListener@36cac7, org.springframework.security.test.context.support.WithSecurityContextTestExecutionListener@6d3d07ba, org.springframework.security.test.context.support.ReactorContextTestExecutionListener@447ac4d3, org.springframework.boot.test.autoconfigure.restdocs.RestDocsTestExecutionListener@3d0512e9, org.springframework.boot.test.autoconfigure.web.client.MockRestServiceServerResetTestExecutionListener@bd3877c, org.springframework.boot.test.autoconfigure.web.servlet.MockMvcPrintOnlyOnFailureTestExecutionListener@e56416b, org.springframework.boot.test.autoconfigure.web.servlet.WebDriverTestExecutionListener@1c18402e, org.springframework.boot.test.mock.mockito.ResetMocksTestExecutionListener@99f8b1e]

  .   ____          _            __ _ _
 /\\ / ___'_ __ _ _(_)_ __  __ _ \ \ \ \
( ( )\___ | '_ | '_| | '_ \/ _` | \ \ \ \
 \\/  ___)| |_)| | | | | || (_| |  ) ) ) )
  '  |____| .__|_| |_|_| |_\__, | / / / /
 =========|_|==============|___/=/_/_/_/
 :: Spring Boot ::        (v2.1.7.RELEASE)

2023-05-04 03:11:37.968  INFO 85364 --- [    Test worker] c.j.book.springboot.HelloControllerTest  : Starting HelloControllerTest on Seoui-MacBookPro.local with PID 85364 (started by cindy in /Users/cindy/Documents/GitHub/2023-1-SpringBoot-AWS-Study/서정연/SpringBoot_AWS)
2023-05-04 03:11:37.968  INFO 85364 --- [    Test worker] c.j.book.springboot.HelloControllerTest  : The following profiles are active: oauth
2023-05-04 03:11:38.728  INFO 85364 --- [    Test worker] o.s.s.concurrent.ThreadPoolTaskExecutor  : Initializing ExecutorService 'applicationTaskExecutor'
2023-05-04 03:11:38.811  INFO 85364 --- [    Test worker] o.s.b.a.w.s.WelcomePageHandlerMapping    : Adding welcome page template: index
2023-05-04 03:11:39.091  INFO 85364 --- [    Test worker] .s.s.UserDetailsServiceAutoConfiguration : 

Using generated security password: 1704c5e5-70c1-4ba1-a6a1-6186872fd6a7

2023-05-04 03:11:39.267  INFO 85364 --- [    Test worker] o.s.s.web.DefaultSecurityFilterChain     : Creating filter chain: any request, [org.springframework.security.web.context.request.async.WebAsyncManagerIntegrationFilter@2a5a6924, org.springframework.security.web.context.SecurityContextPersistenceFilter@3ed8c4a8, org.springframework.security.web.header.HeaderWriterFilter@4483e55e, org.springframework.security.web.csrf.CsrfFilter@996bf7b, org.springframework.security.web.authentication.logout.LogoutFilter@1a2e465b, org.springframework.security.web.authentication.UsernamePasswordAuthenticationFilter@647b45a, org.springframework.security.web.authentication.ui.DefaultLoginPageGeneratingFilter@2d058dab, org.springframework.security.web.authentication.ui.DefaultLogoutPageGeneratingFilter@6d2bc348, org.springframework.security.web.authentication.www.BasicAuthenticationFilter@5ee36fa4, org.springframework.security.web.savedrequest.RequestCacheAwareFilter@1974a13b, org.springframework.security.web.servletapi.SecurityContextHolderAwareRequestFilter@42061e5e, org.springframework.security.web.authentication.AnonymousAuthenticationFilter@28701f06, org.springframework.security.web.session.SessionManagementFilter@7852f7d2, org.springframework.security.web.access.ExceptionTranslationFilter@3082f131, org.springframework.security.web.access.intercept.FilterSecurityInterceptor@62f9f7f0]
2023-05-04 03:11:39.294  INFO 85364 --- [    Test worker] o.s.b.t.m.w.SpringBootMockServletContext : Initializing Spring TestDispatcherServlet ''
2023-05-04 03:11:39.294  INFO 85364 --- [    Test worker] o.s.t.web.servlet.TestDispatcherServlet  : Initializing Servlet ''
2023-05-04 03:11:39.312  INFO 85364 --- [    Test worker] o.s.t.web.servlet.TestDispatcherServlet  : Completed initialization in 18 ms
2023-05-04 03:11:39.357  INFO 85364 --- [    Test worker] c.j.book.springboot.HelloControllerTest  : Started HelloControllerTest in 1.469 seconds (JVM running for 22.593)
]]></system-out>
  <system-err><![CDATA[]]></system-err>
</testsuite>
