<?xml version="1.0" encoding="UTF-8"?>
<testsuite name="com.jojoldu.book.springboot.HelloControllerTest" tests="3" skipped="0" failures="0" errors="0" timestamp="2023-05-03T17:27:06" hostname="Seoui-MacBookPro.local" time="0.102">
  <properties/>
  <testcase name="hello가_리턴된다" classname="com.jojoldu.book.springboot.HelloControllerTest" time="0.039"/>
  <testcase name="helloDto가_리턴된다" classname="com.jojoldu.book.springboot.HelloControllerTest" time="0.05"/>
  <testcase name="first_Assignment가_리턴된다" classname="com.jojoldu.book.springboot.HelloControllerTest" time="0.01"/>
  <system-out><![CDATA[2023-05-04 02:27:05.042  INFO 79382 --- [    Test worker] .b.t.a.w.s.WebMvcTestContextBootstrapper : Neither @ContextConfiguration nor @ContextHierarchy found for test class [com.jojoldu.book.springboot.HelloControllerTest], using SpringBootContextLoader
2023-05-04 02:27:05.046  INFO 79382 --- [    Test worker] o.s.t.c.support.AbstractContextLoader    : Could not detect default resource locations for test class [com.jojoldu.book.springboot.HelloControllerTest]: no resource found for suffixes {-context.xml, Context.groovy}.
2023-05-04 02:27:05.046  INFO 79382 --- [    Test worker] t.c.s.AnnotationConfigContextLoaderUtils : Could not detect default configuration classes for test class [com.jojoldu.book.springboot.HelloControllerTest]: HelloControllerTest does not declare any static, non-private, non-final, nested classes annotated with @Configuration.
2023-05-04 02:27:05.104  INFO 79382 --- [    Test worker] .b.t.c.SpringBootTestContextBootstrapper : Found @SpringBootConfiguration com.jojoldu.book.springboot.Application for test class com.jojoldu.book.springboot.HelloControllerTest
2023-05-04 02:27:05.109  INFO 79382 --- [    Test worker] .b.t.a.w.s.WebMvcTestContextBootstrapper : Loaded default TestExecutionListener class names from location [META-INF/spring.factories]: [org.springframework.security.test.context.support.WithSecurityContextTestExecutionListener, org.springframework.security.test.context.support.ReactorContextTestExecutionListener, org.springframework.boot.test.autoconfigure.restdocs.RestDocsTestExecutionListener, org.springframework.boot.test.autoconfigure.web.client.MockRestServiceServerResetTestExecutionListener, org.springframework.boot.test.autoconfigure.web.servlet.MockMvcPrintOnlyOnFailureTestExecutionListener, org.springframework.boot.test.autoconfigure.web.servlet.WebDriverTestExecutionListener, org.springframework.boot.test.mock.mockito.MockitoTestExecutionListener, org.springframework.boot.test.mock.mockito.ResetMocksTestExecutionListener, org.springframework.test.context.web.ServletTestExecutionListener, org.springframework.test.context.support.DirtiesContextBeforeModesTestExecutionListener, org.springframework.test.context.support.DependencyInjectionTestExecutionListener, org.springframework.test.context.support.DirtiesContextTestExecutionListener, org.springframework.test.context.transaction.TransactionalTestExecutionListener, org.springframework.test.context.jdbc.SqlScriptsTestExecutionListener]
2023-05-04 02:27:05.110  INFO 79382 --- [    Test worker] .b.t.a.w.s.WebMvcTestContextBootstrapper : Using TestExecutionListeners: [org.springframework.test.context.web.ServletTestExecutionListener@70e186fa, org.springframework.test.context.support.DirtiesContextBeforeModesTestExecutionListener@3a383b52, org.springframework.boot.test.mock.mockito.MockitoTestExecutionListener@7a22562d, org.springframework.boot.test.autoconfigure.SpringBootDependencyInjectionTestExecutionListener@673ae11b, org.springframework.test.context.support.DirtiesContextTestExecutionListener@1b906d50, org.springframework.test.context.transaction.TransactionalTestExecutionListener@600927db, org.springframework.test.context.jdbc.SqlScriptsTestExecutionListener@87286c9, org.springframework.security.test.context.support.WithSecurityContextTestExecutionListener@38f09ce5, org.springframework.security.test.context.support.ReactorContextTestExecutionListener@20928c46, org.springframework.boot.test.autoconfigure.restdocs.RestDocsTestExecutionListener@98c5070, org.springframework.boot.test.autoconfigure.web.client.MockRestServiceServerResetTestExecutionListener@15d4cb46, org.springframework.boot.test.autoconfigure.web.servlet.MockMvcPrintOnlyOnFailureTestExecutionListener@297f7aad, org.springframework.boot.test.autoconfigure.web.servlet.WebDriverTestExecutionListener@1dbb3378, org.springframework.boot.test.mock.mockito.ResetMocksTestExecutionListener@765fef6f]

  .   ____          _            __ _ _
 /\\ / ___'_ __ _ _(_)_ __  __ _ \ \ \ \
( ( )\___ | '_ | '_| | '_ \/ _` | \ \ \ \
 \\/  ___)| |_)| | | | | || (_| |  ) ) ) )
  '  |____| .__|_| |_|_| |_\__, | / / / /
 =========|_|==============|___/=/_/_/_/
 :: Spring Boot ::        (v2.1.7.RELEASE)

2023-05-04 02:27:05.190  INFO 79382 --- [    Test worker] c.j.book.springboot.HelloControllerTest  : Starting HelloControllerTest on Seoui-MacBookPro.local with PID 79382 (started by cindy in /Users/cindy/Documents/GitHub/2023-1-SpringBoot-AWS-Study/서정연/SpringBoot_AWS)
2023-05-04 02:27:05.191  INFO 79382 --- [    Test worker] c.j.book.springboot.HelloControllerTest  : The following profiles are active: oauth
2023-05-04 02:27:05.917  INFO 79382 --- [    Test worker] o.s.s.concurrent.ThreadPoolTaskExecutor  : Initializing ExecutorService 'applicationTaskExecutor'
2023-05-04 02:27:05.962  INFO 79382 --- [    Test worker] o.s.b.a.w.s.WelcomePageHandlerMapping    : Adding welcome page template: index
2023-05-04 02:27:06.226  INFO 79382 --- [    Test worker] .s.s.UserDetailsServiceAutoConfiguration : 

Using generated security password: a2fb3b57-e89f-4fae-8776-35c4e05c3256

2023-05-04 02:27:06.390  INFO 79382 --- [    Test worker] o.s.s.web.DefaultSecurityFilterChain     : Creating filter chain: any request, [org.springframework.security.web.context.request.async.WebAsyncManagerIntegrationFilter@27006616, org.springframework.security.web.context.SecurityContextPersistenceFilter@630b6282, org.springframework.security.web.header.HeaderWriterFilter@2313917b, org.springframework.security.web.csrf.CsrfFilter@2708cdd2, org.springframework.security.web.authentication.logout.LogoutFilter@2ecf8276, org.springframework.security.web.authentication.UsernamePasswordAuthenticationFilter@36efee22, org.springframework.security.web.authentication.ui.DefaultLoginPageGeneratingFilter@6f52e101, org.springframework.security.web.authentication.ui.DefaultLogoutPageGeneratingFilter@4ff07ed4, org.springframework.security.web.authentication.www.BasicAuthenticationFilter@35e4a5a4, org.springframework.security.web.savedrequest.RequestCacheAwareFilter@37f2d95f, org.springframework.security.web.servletapi.SecurityContextHolderAwareRequestFilter@8d51e93, org.springframework.security.web.authentication.AnonymousAuthenticationFilter@5fa92b0b, org.springframework.security.web.session.SessionManagementFilter@4294ae96, org.springframework.security.web.access.ExceptionTranslationFilter@1178bab6, org.springframework.security.web.access.intercept.FilterSecurityInterceptor@2aa576c0]
2023-05-04 02:27:06.419  INFO 79382 --- [    Test worker] o.s.b.t.m.w.SpringBootMockServletContext : Initializing Spring TestDispatcherServlet ''
2023-05-04 02:27:06.420  INFO 79382 --- [    Test worker] o.s.t.web.servlet.TestDispatcherServlet  : Initializing Servlet ''
2023-05-04 02:27:06.429  INFO 79382 --- [    Test worker] o.s.t.web.servlet.TestDispatcherServlet  : Completed initialization in 8 ms
2023-05-04 02:27:06.464  INFO 79382 --- [    Test worker] c.j.book.springboot.HelloControllerTest  : Started HelloControllerTest in 1.348 seconds (JVM running for 29.389)
]]></system-out>
  <system-err><![CDATA[]]></system-err>
</testsuite>
