<?xml version="1.0" encoding="UTF-8"?>
<testsuite name="com.jojoldu.book.springboot.web.IndexControllerTest" tests="1" skipped="0" failures="0" errors="0" timestamp="2023-05-03T17:27:00" hostname="Seoui-MacBookPro.local" time="0.746">
  <properties/>
  <testcase name="메인페이지_로딩" classname="com.jojoldu.book.springboot.web.IndexControllerTest" time="0.746"/>
  <system-out><![CDATA[2023-05-04 02:27:00.680  INFO 79382 --- [    Test worker] .b.t.c.SpringBootTestContextBootstrapper : Neither @ContextConfiguration nor @ContextHierarchy found for test class [com.jojoldu.book.springboot.web.IndexControllerTest], using SpringBootContextLoader
2023-05-04 02:27:00.687  INFO 79382 --- [    Test worker] o.s.t.c.support.AbstractContextLoader    : Could not detect default resource locations for test class [com.jojoldu.book.springboot.web.IndexControllerTest]: no resource found for suffixes {-context.xml, Context.groovy}.
2023-05-04 02:27:00.688  INFO 79382 --- [    Test worker] t.c.s.AnnotationConfigContextLoaderUtils : Could not detect default configuration classes for test class [com.jojoldu.book.springboot.web.IndexControllerTest]: IndexControllerTest does not declare any static, non-private, non-final, nested classes annotated with @Configuration.
2023-05-04 02:27:00.697  INFO 79382 --- [    Test worker] .b.t.c.SpringBootTestContextBootstrapper : Found @SpringBootConfiguration com.jojoldu.book.springboot.Application for test class com.jojoldu.book.springboot.web.IndexControllerTest
2023-05-04 02:27:00.708  INFO 79382 --- [    Test worker] .b.t.c.SpringBootTestContextBootstrapper : Loaded default TestExecutionListener class names from location [META-INF/spring.factories]: [org.springframework.security.test.context.support.WithSecurityContextTestExecutionListener, org.springframework.security.test.context.support.ReactorContextTestExecutionListener, org.springframework.boot.test.autoconfigure.restdocs.RestDocsTestExecutionListener, org.springframework.boot.test.autoconfigure.web.client.MockRestServiceServerResetTestExecutionListener, org.springframework.boot.test.autoconfigure.web.servlet.MockMvcPrintOnlyOnFailureTestExecutionListener, org.springframework.boot.test.autoconfigure.web.servlet.WebDriverTestExecutionListener, org.springframework.boot.test.mock.mockito.MockitoTestExecutionListener, org.springframework.boot.test.mock.mockito.ResetMocksTestExecutionListener, org.springframework.test.context.web.ServletTestExecutionListener, org.springframework.test.context.support.DirtiesContextBeforeModesTestExecutionListener, org.springframework.test.context.support.DependencyInjectionTestExecutionListener, org.springframework.test.context.support.DirtiesContextTestExecutionListener, org.springframework.test.context.transaction.TransactionalTestExecutionListener, org.springframework.test.context.jdbc.SqlScriptsTestExecutionListener]
2023-05-04 02:27:00.711  INFO 79382 --- [    Test worker] .b.t.c.SpringBootTestContextBootstrapper : Using TestExecutionListeners: [org.springframework.test.context.web.ServletTestExecutionListener@79022bf0, org.springframework.test.context.support.DirtiesContextBeforeModesTestExecutionListener@620f04ea, org.springframework.boot.test.mock.mockito.MockitoTestExecutionListener@401a81c7, org.springframework.boot.test.autoconfigure.SpringBootDependencyInjectionTestExecutionListener@45c1fc8e, org.springframework.test.context.support.DirtiesContextTestExecutionListener@2df4126d, org.springframework.test.context.transaction.TransactionalTestExecutionListener@37c67b6d, org.springframework.test.context.jdbc.SqlScriptsTestExecutionListener@2346c0eb, org.springframework.security.test.context.support.WithSecurityContextTestExecutionListener@69a96d81, org.springframework.security.test.context.support.ReactorContextTestExecutionListener@64c36da3, org.springframework.boot.test.autoconfigure.restdocs.RestDocsTestExecutionListener@605a7f45, org.springframework.boot.test.autoconfigure.web.client.MockRestServiceServerResetTestExecutionListener@750eaa3d, org.springframework.boot.test.autoconfigure.web.servlet.MockMvcPrintOnlyOnFailureTestExecutionListener@57690478, org.springframework.boot.test.autoconfigure.web.servlet.WebDriverTestExecutionListener@2838c543, org.springframework.boot.test.mock.mockito.ResetMocksTestExecutionListener@1b2b3756]
2023-05-04 02:27:01.097  INFO 79382 --- [o-auto-1-exec-1] o.a.c.c.C.[Tomcat].[localhost].[/]       : Initializing Spring DispatcherServlet 'dispatcherServlet'
2023-05-04 02:27:01.100  INFO 79382 --- [o-auto-1-exec-1] o.s.web.servlet.DispatcherServlet        : Initializing Servlet 'dispatcherServlet'
2023-05-04 02:27:01.132  INFO 79382 --- [o-auto-1-exec-1] o.s.web.servlet.DispatcherServlet        : Completed initialization in 31 ms
Hibernate: select posts0_.id as id1_0_, posts0_.created_date as created_2_0_, posts0_.modified_date as modified3_0_, posts0_.author as author4_0_, posts0_.content as content5_0_, posts0_.title as title6_0_ from posts posts0_ order by posts0_.id DESC
]]></system-out>
  <system-err><![CDATA[]]></system-err>
</testsuite>
