<?xml version="1.0" encoding="UTF-8"?>
<testsuite name="com.seohee.springboot.web.PostsApiControllerTest" tests="1" skipped="0" failures="0" errors="0" timestamp="2023-03-28T17:57:06" hostname="DESKTOP-19DQO2N" time="0.774">
  <properties/>
  <testcase name="Posts_삭제된다" classname="com.seohee.springboot.web.PostsApiControllerTest" time="0.774"/>
  <system-out><![CDATA[02:56:59.406 [Test worker] DEBUG org.springframework.test.context.junit4.SpringJUnit4ClassRunner - SpringJUnit4ClassRunner constructor called with [class com.seohee.springboot.web.PostsApiControllerTest]
02:56:59.416 [Test worker] DEBUG org.springframework.test.context.BootstrapUtils - Instantiating CacheAwareContextLoaderDelegate from class [org.springframework.test.context.cache.DefaultCacheAwareContextLoaderDelegate]
02:56:59.426 [Test worker] DEBUG org.springframework.test.context.BootstrapUtils - Instantiating BootstrapContext using constructor [public org.springframework.test.context.support.DefaultBootstrapContext(java.lang.Class,org.springframework.test.context.CacheAwareContextLoaderDelegate)]
02:56:59.444 [Test worker] DEBUG org.springframework.test.context.BootstrapUtils - Instantiating TestContextBootstrapper for test class [com.seohee.springboot.web.PostsApiControllerTest] from class [org.springframework.boot.test.context.SpringBootTestContextBootstrapper]
02:56:59.465 [Test worker] INFO org.springframework.boot.test.context.SpringBootTestContextBootstrapper - Neither @ContextConfiguration nor @ContextHierarchy found for test class [com.seohee.springboot.web.PostsApiControllerTest], using SpringBootContextLoader
02:56:59.471 [Test worker] DEBUG org.springframework.test.context.support.AbstractContextLoader - Did not detect default resource location for test class [com.seohee.springboot.web.PostsApiControllerTest]: class path resource [com/seohee/springboot/web/PostsApiControllerTest-context.xml] does not exist
02:56:59.472 [Test worker] DEBUG org.springframework.test.context.support.AbstractContextLoader - Did not detect default resource location for test class [com.seohee.springboot.web.PostsApiControllerTest]: class path resource [com/seohee/springboot/web/PostsApiControllerTestContext.groovy] does not exist
02:56:59.472 [Test worker] INFO org.springframework.test.context.support.AbstractContextLoader - Could not detect default resource locations for test class [com.seohee.springboot.web.PostsApiControllerTest]: no resource found for suffixes {-context.xml, Context.groovy}.
02:56:59.474 [Test worker] INFO org.springframework.test.context.support.AnnotationConfigContextLoaderUtils - Could not detect default configuration classes for test class [com.seohee.springboot.web.PostsApiControllerTest]: PostsApiControllerTest does not declare any static, non-private, non-final, nested classes annotated with @Configuration.
02:56:59.530 [Test worker] DEBUG org.springframework.test.context.support.ActiveProfilesUtils - Could not find an 'annotation declaring class' for annotation type [org.springframework.test.context.ActiveProfiles] and class [com.seohee.springboot.web.PostsApiControllerTest]
02:56:59.648 [Test worker] DEBUG org.springframework.context.annotation.ClassPathScanningCandidateComponentProvider - Identified candidate component class: file [C:\Users\여우비\Desktop\대학교\대내활동\APPS\[23-1] SpringBoot AWS 스터디\2023-1-SpringBoot-AWS-Study\윤서희\springboot-webservice\build\classes\java\main\com\seohee\springboot\Application.class]
02:56:59.649 [Test worker] INFO org.springframework.boot.test.context.SpringBootTestContextBootstrapper - Found @SpringBootConfiguration com.seohee.springboot.Application for test class com.seohee.springboot.web.PostsApiControllerTest
02:56:59.801 [Test worker] DEBUG org.springframework.boot.test.context.SpringBootTestContextBootstrapper - @TestExecutionListeners is not present for class [com.seohee.springboot.web.PostsApiControllerTest]: using defaults.
02:56:59.803 [Test worker] INFO org.springframework.boot.test.context.SpringBootTestContextBootstrapper - Loaded default TestExecutionListener class names from location [META-INF/spring.factories]: [org.springframework.boot.test.autoconfigure.restdocs.RestDocsTestExecutionListener, org.springframework.boot.test.autoconfigure.web.client.MockRestServiceServerResetTestExecutionListener, org.springframework.boot.test.autoconfigure.web.servlet.MockMvcPrintOnlyOnFailureTestExecutionListener, org.springframework.boot.test.autoconfigure.web.servlet.WebDriverTestExecutionListener, org.springframework.boot.test.mock.mockito.MockitoTestExecutionListener, org.springframework.boot.test.mock.mockito.ResetMocksTestExecutionListener, org.springframework.test.context.web.ServletTestExecutionListener, org.springframework.test.context.support.DirtiesContextBeforeModesTestExecutionListener, org.springframework.test.context.support.DependencyInjectionTestExecutionListener, org.springframework.test.context.support.DirtiesContextTestExecutionListener, org.springframework.test.context.transaction.TransactionalTestExecutionListener, org.springframework.test.context.jdbc.SqlScriptsTestExecutionListener]
02:56:59.825 [Test worker] INFO org.springframework.boot.test.context.SpringBootTestContextBootstrapper - Using TestExecutionListeners: [org.springframework.test.context.web.ServletTestExecutionListener@5e047680, org.springframework.test.context.support.DirtiesContextBeforeModesTestExecutionListener@61829b38, org.springframework.boot.test.mock.mockito.MockitoTestExecutionListener@68bc6a88, org.springframework.boot.test.autoconfigure.SpringBootDependencyInjectionTestExecutionListener@7bac9b2b, org.springframework.test.context.support.DirtiesContextTestExecutionListener@66152a8, org.springframework.test.context.transaction.TransactionalTestExecutionListener@73cf5207, org.springframework.test.context.jdbc.SqlScriptsTestExecutionListener@78ac8edc, org.springframework.boot.test.autoconfigure.restdocs.RestDocsTestExecutionListener@67c63721, org.springframework.boot.test.autoconfigure.web.client.MockRestServiceServerResetTestExecutionListener@6b3edd63, org.springframework.boot.test.autoconfigure.web.servlet.MockMvcPrintOnlyOnFailureTestExecutionListener@62e8e569, org.springframework.boot.test.autoconfigure.web.servlet.WebDriverTestExecutionListener@7e2e4d86, org.springframework.boot.test.mock.mockito.ResetMocksTestExecutionListener@2807125d]
02:56:59.829 [Test worker] DEBUG org.springframework.test.annotation.ProfileValueUtils - Retrieved @ProfileValueSourceConfiguration [null] for test class [com.seohee.springboot.web.PostsApiControllerTest]
02:56:59.830 [Test worker] DEBUG org.springframework.test.annotation.ProfileValueUtils - Retrieved ProfileValueSource type [class org.springframework.test.annotation.SystemProfileValueSource] for class [com.seohee.springboot.web.PostsApiControllerTest]
02:56:59.835 [Test worker] DEBUG org.springframework.test.annotation.ProfileValueUtils - Retrieved @ProfileValueSourceConfiguration [null] for test class [com.seohee.springboot.web.PostsApiControllerTest]
02:56:59.835 [Test worker] DEBUG org.springframework.test.annotation.ProfileValueUtils - Retrieved ProfileValueSource type [class org.springframework.test.annotation.SystemProfileValueSource] for class [com.seohee.springboot.web.PostsApiControllerTest]
02:56:59.836 [Test worker] DEBUG org.springframework.test.annotation.ProfileValueUtils - Retrieved @ProfileValueSourceConfiguration [null] for test class [com.seohee.springboot.web.PostsApiControllerTest]
02:56:59.836 [Test worker] DEBUG org.springframework.test.annotation.ProfileValueUtils - Retrieved ProfileValueSource type [class org.springframework.test.annotation.SystemProfileValueSource] for class [com.seohee.springboot.web.PostsApiControllerTest]
02:56:59.841 [Test worker] DEBUG org.springframework.test.context.support.AbstractDirtiesContextTestExecutionListener - Before test class: context [DefaultTestContext@2668005d testClass = PostsApiControllerTest, testInstance = [null], testMethod = [null], testException = [null], mergedContextConfiguration = [WebMergedContextConfiguration@22ce76ec testClass = PostsApiControllerTest, locations = '{}', classes = '{class com.seohee.springboot.Application}', contextInitializerClasses = '[]', activeProfiles = '{}', propertySourceLocations = '{}', propertySourceProperties = '{org.springframework.boot.test.context.SpringBootTestContextBootstrapper=true, server.port=0}', contextCustomizers = set[org.springframework.boot.test.autoconfigure.properties.PropertyMappingContextCustomizer@0, org.springframework.boot.test.autoconfigure.web.servlet.WebDriverContextCustomizerFactory$Customizer@e543c9c, org.springframework.boot.test.context.filter.ExcludeFilterContextCustomizer@7ad4125f, org.springframework.boot.test.json.DuplicateJsonObjectContextCustomizerFactory$DuplicateJsonObjectContextCustomizer@42cc2c90, org.springframework.boot.test.mock.mockito.MockitoContextCustomizer@0, org.springframework.boot.test.web.client.TestRestTemplateContextCustomizer@4ce7cb47], resourceBasePath = 'src/main/webapp', contextLoader = 'org.springframework.boot.test.context.SpringBootContextLoader', parent = [null]], attributes = map['org.springframework.test.context.web.ServletTestExecutionListener.activateListener' -> false]], class annotated with @DirtiesContext [false] with mode [null].
02:56:59.842 [Test worker] DEBUG org.springframework.test.annotation.ProfileValueUtils - Retrieved @ProfileValueSourceConfiguration [null] for test class [com.seohee.springboot.web.PostsApiControllerTest]
02:56:59.843 [Test worker] DEBUG org.springframework.test.annotation.ProfileValueUtils - Retrieved ProfileValueSource type [class org.springframework.test.annotation.SystemProfileValueSource] for class [com.seohee.springboot.web.PostsApiControllerTest]
02:56:59.848 [Test worker] DEBUG org.springframework.test.context.support.DependencyInjectionTestExecutionListener - Performing dependency injection for test context [[DefaultTestContext@2668005d testClass = PostsApiControllerTest, testInstance = com.seohee.springboot.web.PostsApiControllerTest@6e0bb36c, testMethod = [null], testException = [null], mergedContextConfiguration = [WebMergedContextConfiguration@22ce76ec testClass = PostsApiControllerTest, locations = '{}', classes = '{class com.seohee.springboot.Application}', contextInitializerClasses = '[]', activeProfiles = '{}', propertySourceLocations = '{}', propertySourceProperties = '{org.springframework.boot.test.context.SpringBootTestContextBootstrapper=true, server.port=0}', contextCustomizers = set[org.springframework.boot.test.autoconfigure.properties.PropertyMappingContextCustomizer@0, org.springframework.boot.test.autoconfigure.web.servlet.WebDriverContextCustomizerFactory$Customizer@e543c9c, org.springframework.boot.test.context.filter.ExcludeFilterContextCustomizer@7ad4125f, org.springframework.boot.test.json.DuplicateJsonObjectContextCustomizerFactory$DuplicateJsonObjectContextCustomizer@42cc2c90, org.springframework.boot.test.mock.mockito.MockitoContextCustomizer@0, org.springframework.boot.test.web.client.TestRestTemplateContextCustomizer@4ce7cb47], resourceBasePath = 'src/main/webapp', contextLoader = 'org.springframework.boot.test.context.SpringBootContextLoader', parent = [null]], attributes = map['org.springframework.test.context.web.ServletTestExecutionListener.activateListener' -> false]]].
02:56:59.883 [Test worker] DEBUG org.springframework.test.context.support.TestPropertySourceUtils - Adding inlined properties to environment: {spring.jmx.enabled=false, org.springframework.boot.test.context.SpringBootTestContextBootstrapper=true, server.port=0}

  .   ____          _            __ _ _
 /\\ / ___'_ __ _ _(_)_ __  __ _ \ \ \ \
( ( )\___ | '_ | '_| | '_ \/ _` | \ \ \ \
 \\/  ___)| |_)| | | | | || (_| |  ) ) ) )
  '  |____| .__|_| |_|_| |_\__, | / / / /
 =========|_|==============|___/=/_/_/_/
 :: Spring Boot ::        (v2.1.7.RELEASE)

2023-03-29 02:57:00.242  INFO 6736 --- [    Test worker] c.s.s.web.PostsApiControllerTest         : Starting PostsApiControllerTest on DESKTOP-19DQO2N with PID 6736 (started by 윤서희 in C:\Users\여우비\Desktop\대학교\대내활동\APPS\[23-1] SpringBoot AWS 스터디\2023-1-SpringBoot-AWS-Study\윤서희\springboot-webservice)
2023-03-29 02:57:00.243  INFO 6736 --- [    Test worker] c.s.s.web.PostsApiControllerTest         : No active profile set, falling back to default profiles: default
2023-03-29 02:57:01.252  INFO 6736 --- [    Test worker] .s.d.r.c.RepositoryConfigurationDelegate : Bootstrapping Spring Data repositories in DEFAULT mode.
2023-03-29 02:57:01.408  INFO 6736 --- [    Test worker] .s.d.r.c.RepositoryConfigurationDelegate : Finished Spring Data repository scanning in 140ms. Found 1 repository interfaces.
2023-03-29 02:57:01.933  INFO 6736 --- [    Test worker] trationDelegate$BeanPostProcessorChecker : Bean 'org.springframework.transaction.annotation.ProxyTransactionManagementConfiguration' of type [org.springframework.transaction.annotation.ProxyTransactionManagementConfiguration$$EnhancerBySpringCGLIB$$d9f5a538] is not eligible for getting processed by all BeanPostProcessors (for example: not eligible for auto-proxying)
2023-03-29 02:57:02.472  INFO 6736 --- [    Test worker] o.s.b.w.embedded.tomcat.TomcatWebServer  : Tomcat initialized with port(s): 0 (http)
2023-03-29 02:57:02.510  INFO 6736 --- [    Test worker] o.apache.catalina.core.StandardService   : Starting service [Tomcat]
2023-03-29 02:57:02.512  INFO 6736 --- [    Test worker] org.apache.catalina.core.StandardEngine  : Starting Servlet engine: [Apache Tomcat/9.0.22]
2023-03-29 02:57:02.714  INFO 6736 --- [    Test worker] o.a.c.c.C.[Tomcat].[localhost].[/]       : Initializing Spring embedded WebApplicationContext
2023-03-29 02:57:02.715  INFO 6736 --- [    Test worker] o.s.web.context.ContextLoader            : Root WebApplicationContext: initialization completed in 2449 ms
2023-03-29 02:57:03.047  INFO 6736 --- [    Test worker] com.zaxxer.hikari.HikariDataSource       : HikariPool-1 - Starting...
2023-03-29 02:57:03.290  INFO 6736 --- [    Test worker] com.zaxxer.hikari.HikariDataSource       : HikariPool-1 - Start completed.
2023-03-29 02:57:03.436  INFO 6736 --- [    Test worker] o.hibernate.jpa.internal.util.LogHelper  : HHH000204: Processing PersistenceUnitInfo [
	name: default
	...]
2023-03-29 02:57:03.544  INFO 6736 --- [    Test worker] org.hibernate.Version                    : HHH000412: Hibernate Core {5.3.10.Final}
2023-03-29 02:57:03.547  INFO 6736 --- [    Test worker] org.hibernate.cfg.Environment            : HHH000206: hibernate.properties not found
2023-03-29 02:57:03.827  INFO 6736 --- [    Test worker] o.hibernate.annotations.common.Version   : HCANN000001: Hibernate Commons Annotations {5.0.4.Final}
2023-03-29 02:57:04.052  INFO 6736 --- [    Test worker] org.hibernate.dialect.Dialect            : HHH000400: Using dialect: org.hibernate.dialect.MySQL5InnoDBDialect
2023-03-29 02:57:04.898  INFO 6736 --- [    Test worker] o.h.t.schema.internal.SchemaCreatorImpl  : HHH000476: Executing import script 'org.hibernate.tool.schema.internal.exec.ScriptSourceInputNonExistentImpl@9ebfa30'
2023-03-29 02:57:04.902  INFO 6736 --- [    Test worker] j.LocalContainerEntityManagerFactoryBean : Initialized JPA EntityManagerFactory for persistence unit 'default'
2023-03-29 02:57:05.826  INFO 6736 --- [    Test worker] o.s.s.concurrent.ThreadPoolTaskExecutor  : Initializing ExecutorService 'applicationTaskExecutor'
2023-03-29 02:57:05.914  WARN 6736 --- [    Test worker] aWebConfiguration$JpaWebMvcConfiguration : spring.jpa.open-in-view is enabled by default. Therefore, database queries may be performed during view rendering. Explicitly configure spring.jpa.open-in-view to disable this warning
2023-03-29 02:57:06.360  INFO 6736 --- [    Test worker] o.s.b.w.embedded.tomcat.TomcatWebServer  : Tomcat started on port(s): 10669 (http) with context path ''
2023-03-29 02:57:06.363  INFO 6736 --- [    Test worker] c.s.s.web.PostsApiControllerTest         : Started PostsApiControllerTest in 6.478 seconds (JVM running for 7.936)
2023-03-29 02:57:06.758  INFO 6736 --- [o-auto-1-exec-1] o.a.c.c.C.[Tomcat].[localhost].[/]       : Initializing Spring DispatcherServlet 'dispatcherServlet'
2023-03-29 02:57:06.758  INFO 6736 --- [o-auto-1-exec-1] o.s.web.servlet.DispatcherServlet        : Initializing Servlet 'dispatcherServlet'
2023-03-29 02:57:06.782  INFO 6736 --- [o-auto-1-exec-1] o.s.web.servlet.DispatcherServlet        : Completed initialization in 24 ms
2023-03-29 02:57:07.003  INFO 6736 --- [    Test worker] o.h.h.i.QueryTranslatorFactoryInitiator  : HHH000397: Using ASTQueryTranslatorFactory
]]></system-out>
  <system-err><![CDATA[]]></system-err>
</testsuite>
